{"name": "test_delete_collection[w6cxcGzvi78]", "status": "failed", "statusDetails": {"message": "AssertionError: assert 404 == 204\n +  where 404 = <Response [404]>.status_code", "trace": "self = <Tests.test_delete.TestDelete object at 0x000001F6A732EE90>, api = <Methods.Methods.Methods object at 0x000001F6A72A33D0>, id_collection = 'w6cxcGzvi78'\n\n    @allure.story('Удалить коллекцию')\n    @pytest.mark.parametrize('id_collection', [TestData.ID_COLLECTION])\n    def test_delete_collection(self, api, id_collection):\n        response = api.delete(f'/collections/{id_collection}')\n        with allure.step('Код ответа 204'):\n>           assert response.status_code == 204\nE           assert 404 == 204\nE            +  where 404 = <Response [404]>.status_code\n\nTests\\test_delete.py:14: AssertionError"}, "steps": [{"name": "Код ответа 204", "status": "failed", "statusDetails": {"message": "AssertionError: assert 404 == 204\n +  where 404 = <Response [404]>.status_code\n", "trace": "  File \"D:\\python_projects\\PageObjectModel_TestAPI_pytest_allure_example\\Tests\\test_delete.py\", line 14, in test_delete_collection\n    assert response.status_code == 204\n"}, "start": 1684656695566, "stop": 1684656695566}], "parameters": [{"name": "id_collection", "value": "'w6cxcGzvi78'"}], "start": 1684656694705, "stop": 1684656695567, "uuid": "f16c5ea5-e22b-4c81-b9d8-3f3726d5b890", "historyId": "ba3a1dc960daedefd1d22a7f7dbe7ad6", "testCaseId": "086c8efa3d8919169cf665df17209a9a", "fullName": "Tests.test_delete.TestDelete#test_delete_collection", "labels": [{"name": "story", "value": "Удалить коллекцию"}, {"name": "feature", "value": "Тест метода DELETE"}, {"name": "parentSuite", "value": "Tests"}, {"name": "suite", "value": "test_delete"}, {"name": "subSuite", "value": "TestDelete"}, {"name": "host", "value": "user"}, {"name": "thread", "value": "29656-MainThread"}, {"name": "framework", "value": "pytest"}, {"name": "language", "value": "cpython3"}, {"name": "package", "value": "Tests.test_delete"}]}